<?xml version="1.0" encoding="UTF-8"?>
<!-- Generated by org.testng.reporters.JUnitXMLReporter -->
<testsuite ignored="4" hostname="DESKTOP-O0U48S3" failures="0" tests="2" name="Test" time="5.486" errors="0" timestamp="2023-04-25T11:41:27 IST">
  <testcase classname="jenkinssam.Sample1" name="sampletest" time="0.006"/>
  <testcase classname="jenkinssam.Broserlaunch" name="browsertest" time="5.416"/>
  <testcase classname="generic_utility.BaseClass" name="@AfterTest AT" time="0.0">
    <ignored/>
  </testcase> <!-- @AfterTest AT -->
  <testcase classname="generic_utility.BaseClass" name="@BeforeTest BT" time="0.0">
    <ignored/>
  </testcase> <!-- @BeforeTest BT -->
  <testcase classname="generic_utility.BaseClass" name="@AfterSuite AS" time="0.0">
    <ignored/>
  </testcase> <!-- @AfterSuite AS -->
  <testcase classname="generic_utility.BaseClass" name="@BeforeSuite BS" time="0.0">
    <ignored/>
  </testcase> <!-- @BeforeSuite BS -->
</testsuite> <!-- Test -->
