<?xml version="1.0" encoding="UTF-8"?>
<!-- Generated by org.testng.reporters.JUnitXMLReporter -->
<testsuite hostname="DESKTOP-O0U48S3" ignored="4" name="Test" tests="2" failures="0" timestamp="2023-04-25T11:46:23 IST" time="6.017" errors="0">
  <testcase name="sampletest" time="0.002" classname="jenkinssam.Sample1"/>
  <testcase name="browsertest" time="5.977" classname="jenkinssam.Broserlaunch"/>
  <testcase name="@AfterTest AT" time="0.0" classname="generic_utility.BaseClass">
    <ignored/>
  </testcase> <!-- @AfterTest AT -->
  <testcase name="@BeforeTest BT" time="0.0" classname="generic_utility.BaseClass">
    <ignored/>
  </testcase> <!-- @BeforeTest BT -->
  <testcase name="@AfterSuite AS" time="0.0" classname="generic_utility.BaseClass">
    <ignored/>
  </testcase> <!-- @AfterSuite AS -->
  <testcase name="@BeforeSuite BS" time="0.0" classname="generic_utility.BaseClass">
    <ignored/>
  </testcase> <!-- @BeforeSuite BS -->
</testsuite> <!-- Test -->
