<?xml version="1.0" encoding="UTF-8"?>
<testng-results skipped="0" failed="0" ignored="4" total="6" passed="2">
  <reporter-output>
  </reporter-output>
  <suite name="Suite" duration-ms="6017" started-at="2023-04-25T11:46:17 IST" finished-at="2023-04-25T11:46:23 IST">
    <groups>
    </groups>
    <test name="Test" duration-ms="6017" started-at="2023-04-25T11:46:17 IST" finished-at="2023-04-25T11:46:23 IST">
      <class name="jenkinssam.Broserlaunch">
        <test-method status="PASS" signature="BC()[pri:0, instance:jenkinssam.Broserlaunch@27a8c74e]" name="BC" is-config="true" duration-ms="0" started-at="2023-04-25T11:46:17 IST" finished-at="2023-04-25T11:46:17 IST">
          <reporter-output>
          </reporter-output>
        </test-method> <!-- BC -->
        <test-method status="PASS" signature="BM()[pri:0, instance:jenkinssam.Broserlaunch@27a8c74e]" name="BM" is-config="true" duration-ms="1" started-at="2023-04-25T11:46:17 IST" finished-at="2023-04-25T11:46:17 IST">
          <reporter-output>
          </reporter-output>
        </test-method> <!-- BM -->
        <test-method status="PASS" signature="browsertest()[pri:0, instance:jenkinssam.Broserlaunch@27a8c74e]" name="browsertest" duration-ms="5977" started-at="2023-04-25T11:46:17 IST" finished-at="2023-04-25T11:46:23 IST">
          <reporter-output>
          </reporter-output>
        </test-method> <!-- browsertest -->
        <test-method status="PASS" signature="AM()[pri:0, instance:jenkinssam.Broserlaunch@27a8c74e]" name="AM" is-config="true" duration-ms="1" started-at="2023-04-25T11:46:23 IST" finished-at="2023-04-25T11:46:23 IST">
          <reporter-output>
          </reporter-output>
        </test-method> <!-- AM -->
        <test-method status="PASS" signature="AC()[pri:0, instance:jenkinssam.Broserlaunch@27a8c74e]" name="AC" is-config="true" duration-ms="1" started-at="2023-04-25T11:46:23 IST" finished-at="2023-04-25T11:46:23 IST">
          <reporter-output>
          </reporter-output>
        </test-method> <!-- AC -->
      </class> <!-- jenkinssam.Broserlaunch -->
      <class name="jenkinssam.Sample1">
        <test-method status="PASS" signature="BS()[pri:0, instance:jenkinssam.Sample1@6acdbdf5]" name="BS" is-config="true" duration-ms="10" started-at="2023-04-25T11:46:17 IST" finished-at="2023-04-25T11:46:17 IST">
          <reporter-output>
          </reporter-output>
        </test-method> <!-- BS -->
        <test-method status="PASS" signature="BT()[pri:0, instance:jenkinssam.Sample1@6acdbdf5]" name="BT" is-config="true" duration-ms="0" started-at="2023-04-25T11:46:17 IST" finished-at="2023-04-25T11:46:17 IST">
          <reporter-output>
          </reporter-output>
        </test-method> <!-- BT -->
        <test-method status="PASS" signature="BC()[pri:0, instance:jenkinssam.Sample1@6acdbdf5]" name="BC" is-config="true" duration-ms="0" started-at="2023-04-25T11:46:17 IST" finished-at="2023-04-25T11:46:17 IST">
          <reporter-output>
          </reporter-output>
        </test-method> <!-- BC -->
        <test-method status="PASS" signature="BM()[pri:0, instance:jenkinssam.Sample1@6acdbdf5]" name="BM" is-config="true" duration-ms="1" started-at="2023-04-25T11:46:17 IST" finished-at="2023-04-25T11:46:17 IST">
          <reporter-output>
          </reporter-output>
        </test-method> <!-- BM -->
        <test-method status="PASS" signature="sampletest()[pri:0, instance:jenkinssam.Sample1@6acdbdf5]" name="sampletest" duration-ms="2" started-at="2023-04-25T11:46:17 IST" finished-at="2023-04-25T11:46:17 IST">
          <reporter-output>
          </reporter-output>
        </test-method> <!-- sampletest -->
        <test-method status="PASS" signature="AM()[pri:0, instance:jenkinssam.Sample1@6acdbdf5]" name="AM" is-config="true" duration-ms="0" started-at="2023-04-25T11:46:17 IST" finished-at="2023-04-25T11:46:17 IST">
          <reporter-output>
          </reporter-output>
        </test-method> <!-- AM -->
        <test-method status="PASS" signature="AC()[pri:0, instance:jenkinssam.Sample1@6acdbdf5]" name="AC" is-config="true" duration-ms="0" started-at="2023-04-25T11:46:17 IST" finished-at="2023-04-25T11:46:17 IST">
          <reporter-output>
          </reporter-output>
        </test-method> <!-- AC -->
        <test-method status="PASS" signature="AT()[pri:0, instance:jenkinssam.Sample1@6acdbdf5]" name="AT" is-config="true" duration-ms="1" started-at="2023-04-25T11:46:23 IST" finished-at="2023-04-25T11:46:23 IST">
          <reporter-output>
          </reporter-output>
        </test-method> <!-- AT -->
        <test-method status="PASS" signature="AS()[pri:0, instance:jenkinssam.Sample1@6acdbdf5]" name="AS" is-config="true" duration-ms="0" started-at="2023-04-25T11:46:23 IST" finished-at="2023-04-25T11:46:23 IST">
          <reporter-output>
          </reporter-output>
        </test-method> <!-- AS -->
      </class> <!-- jenkinssam.Sample1 -->
    </test> <!-- Test -->
  </suite> <!-- Suite -->
</testng-results>
