<?xml version="1.0" encoding="UTF-8"?>
<testng-results ignored="4" total="6" passed="2" failed="0" skipped="0">
  <reporter-output>
  </reporter-output>
  <suite started-at="2023-04-25T11:41:21 IST" name="Suite" finished-at="2023-04-25T11:41:27 IST" duration-ms="5486">
    <groups>
    </groups>
    <test started-at="2023-04-25T11:41:21 IST" name="Test" finished-at="2023-04-25T11:41:27 IST" duration-ms="5486">
      <class name="jenkinssam.Broserlaunch">
        <test-method is-config="true" signature="BC()[pri:0, instance:jenkinssam.Broserlaunch@35aea049]" started-at="2023-04-25T11:41:21 IST" name="BC" finished-at="2023-04-25T11:41:21 IST" duration-ms="0" status="PASS">
          <reporter-output>
          </reporter-output>
        </test-method> <!-- BC -->
        <test-method is-config="true" signature="BM()[pri:0, instance:jenkinssam.Broserlaunch@35aea049]" started-at="2023-04-25T11:41:21 IST" name="BM" finished-at="2023-04-25T11:41:21 IST" duration-ms="1" status="PASS">
          <reporter-output>
          </reporter-output>
        </test-method> <!-- BM -->
        <test-method signature="browsertest()[pri:0, instance:jenkinssam.Broserlaunch@35aea049]" started-at="2023-04-25T11:41:21 IST" name="browsertest" finished-at="2023-04-25T11:41:27 IST" duration-ms="5416" status="PASS">
          <reporter-output>
          </reporter-output>
        </test-method> <!-- browsertest -->
        <test-method is-config="true" signature="AM()[pri:0, instance:jenkinssam.Broserlaunch@35aea049]" started-at="2023-04-25T11:41:27 IST" name="AM" finished-at="2023-04-25T11:41:27 IST" duration-ms="0" status="PASS">
          <reporter-output>
          </reporter-output>
        </test-method> <!-- AM -->
        <test-method is-config="true" signature="AC()[pri:0, instance:jenkinssam.Broserlaunch@35aea049]" started-at="2023-04-25T11:41:27 IST" name="AC" finished-at="2023-04-25T11:41:27 IST" duration-ms="2" status="PASS">
          <reporter-output>
          </reporter-output>
        </test-method> <!-- AC -->
      </class> <!-- jenkinssam.Broserlaunch -->
      <class name="jenkinssam.Sample1">
        <test-method is-config="true" signature="BS()[pri:0, instance:jenkinssam.Sample1@f736069]" started-at="2023-04-25T11:41:21 IST" name="BS" finished-at="2023-04-25T11:41:21 IST" duration-ms="10" status="PASS">
          <reporter-output>
          </reporter-output>
        </test-method> <!-- BS -->
        <test-method is-config="true" signature="BT()[pri:0, instance:jenkinssam.Sample1@f736069]" started-at="2023-04-25T11:41:21 IST" name="BT" finished-at="2023-04-25T11:41:21 IST" duration-ms="2" status="PASS">
          <reporter-output>
          </reporter-output>
        </test-method> <!-- BT -->
        <test-method is-config="true" signature="BC()[pri:0, instance:jenkinssam.Sample1@f736069]" started-at="2023-04-25T11:41:21 IST" name="BC" finished-at="2023-04-25T11:41:21 IST" duration-ms="0" status="PASS">
          <reporter-output>
          </reporter-output>
        </test-method> <!-- BC -->
        <test-method is-config="true" signature="BM()[pri:0, instance:jenkinssam.Sample1@f736069]" started-at="2023-04-25T11:41:21 IST" name="BM" finished-at="2023-04-25T11:41:21 IST" duration-ms="0" status="PASS">
          <reporter-output>
          </reporter-output>
        </test-method> <!-- BM -->
        <test-method signature="sampletest()[pri:0, instance:jenkinssam.Sample1@f736069]" started-at="2023-04-25T11:41:21 IST" name="sampletest" finished-at="2023-04-25T11:41:21 IST" duration-ms="6" status="PASS">
          <reporter-output>
          </reporter-output>
        </test-method> <!-- sampletest -->
        <test-method is-config="true" signature="AM()[pri:0, instance:jenkinssam.Sample1@f736069]" started-at="2023-04-25T11:41:21 IST" name="AM" finished-at="2023-04-25T11:41:21 IST" duration-ms="0" status="PASS">
          <reporter-output>
          </reporter-output>
        </test-method> <!-- AM -->
        <test-method is-config="true" signature="AC()[pri:0, instance:jenkinssam.Sample1@f736069]" started-at="2023-04-25T11:41:21 IST" name="AC" finished-at="2023-04-25T11:41:21 IST" duration-ms="1" status="PASS">
          <reporter-output>
          </reporter-output>
        </test-method> <!-- AC -->
        <test-method is-config="true" signature="AT()[pri:0, instance:jenkinssam.Sample1@f736069]" started-at="2023-04-25T11:41:27 IST" name="AT" finished-at="2023-04-25T11:41:27 IST" duration-ms="0" status="PASS">
          <reporter-output>
          </reporter-output>
        </test-method> <!-- AT -->
        <test-method is-config="true" signature="AS()[pri:0, instance:jenkinssam.Sample1@f736069]" started-at="2023-04-25T11:41:27 IST" name="AS" finished-at="2023-04-25T11:41:27 IST" duration-ms="1" status="PASS">
          <reporter-output>
          </reporter-output>
        </test-method> <!-- AS -->
      </class> <!-- jenkinssam.Sample1 -->
    </test> <!-- Test -->
  </suite> <!-- Suite -->
</testng-results>
